Flow report for CONVOL
Thu Jun 25 15:32:36 2026
Quartus Prime Version 24.1std.0 Build 1077 03/04/2025 SC Lite Edition


---------------------
; Table of Contents ;
---------------------
  1. Legal Notice
  2. Flow Summary
  3. Flow Settings
  4. Flow Non-Default Global Settings
  5. Flow Elapsed Time
  6. Flow OS Summary
  7. Flow Log
  8. Flow Messages
  9. Flow Suppressed Messages



----------------
; Legal Notice ;
----------------
Copyright (C) 2025  Altera Corporation. All rights reserved.
Your use of Altera Corporation's design tools, logic functions 
and other software and tools, and any partner logic 
functions, and any output files from any of the foregoing 
(including device programming or simulation files), and any 
associated documentation or information are expressly subject 
to the terms and conditions of the Altera Program License 
Subscription Agreement, the Altera Quartus Prime License Agreement,
the Altera IP License Agreement, or other applicable license
agreement, including, without limitation, that your use is for
the sole purpose of programming logic devices manufactured by
Altera and sold by Altera or its authorized distributors.  Please
refer to the Altera Software License Subscription Agreements 
on the Quartus Prime software download page.



+-----------------------------------------------------------------------------------+
; Flow Summary                                                                      ;
+---------------------------------+-------------------------------------------------+
; Flow Status                     ; Successful - Thu Jun 25 15:32:36 2026           ;
; Quartus Prime Version           ; 24.1std.0 Build 1077 03/04/2025 SC Lite Edition ;
; Revision Name                   ; CONVOL                                          ;
; Top-level Entity Name           ; sys_top                                         ;
; Family                          ; Cyclone V                                       ;
; Device                          ; 5CSEMA5F31C6                                    ;
; Timing Models                   ; Final                                           ;
; Logic utilization (in ALMs)     ; 3,640 / 32,070 ( 11 % )                         ;
; Total registers                 ; 7135                                            ;
; Total pins                      ; 54 / 457 ( 12 % )                               ;
; Total virtual pins              ; 0                                               ;
; Total block memory bits         ; 10,294 / 4,065,280 ( < 1 % )                    ;
; Total DSP Blocks                ; 0 / 87 ( 0 % )                                  ;
; Total HSSI RX PCSs              ; 0                                               ;
; Total HSSI PMA RX Deserializers ; 0                                               ;
; Total HSSI TX PCSs              ; 0                                               ;
; Total HSSI PMA TX Serializers   ; 0                                               ;
; Total PLLs                      ; 0 / 6 ( 0 % )                                   ;
; Total DLLs                      ; 1 / 4 ( 25 % )                                  ;
+---------------------------------+-------------------------------------------------+


+-----------------------------------------+
; Flow Settings                           ;
+-------------------+---------------------+
; Option            ; Setting             ;
+-------------------+---------------------+
; Start date & time ; 06/25/2026 15:27:19 ;
; Main task         ; Compilation         ;
; Revision Name     ; CONVOL              ;
+-------------------+---------------------+


+-----------------------------------------------------------------------------------------------------------------------------------------------------------------------------------------+
; Flow Non-Default Global Settings                                                                                                                                                        ;
+---------------------------------------+-------------------------------------------------------------------+---------------+-------------------------+-----------------------------------+
; Assignment Name                       ; Value                                                             ; Default Value ; Entity Name             ; Section Id                        ;
+---------------------------------------+-------------------------------------------------------------------+---------------+-------------------------+-----------------------------------+
; COMPILER_SIGNATURE_ID                 ; 268454030459235.178237603606168                                   ; --            ; --                      ; --                                ;
; ECO_REGENERATE_REPORT                 ; On                                                                ; Off           ; --                      ; --                                ;
; EDA_GENERATE_FUNCTIONAL_NETLIST       ; Off                                                               ; --            ; --                      ; eda_board_design_timing           ;
; EDA_GENERATE_FUNCTIONAL_NETLIST       ; Off                                                               ; --            ; --                      ; eda_board_design_boundary_scan    ;
; EDA_GENERATE_FUNCTIONAL_NETLIST       ; Off                                                               ; --            ; --                      ; eda_board_design_signal_integrity ;
; EDA_GENERATE_FUNCTIONAL_NETLIST       ; Off                                                               ; --            ; --                      ; eda_board_design_symbol           ;
; EDA_OUTPUT_DATA_FORMAT                ; Vhdl                                                              ; --            ; --                      ; eda_simulation                    ;
; EDA_SIMULATION_TOOL                   ; Questa Intel FPGA (VHDL)                                          ; <None>        ; --                      ; --                                ;
; EDA_TIME_SCALE                        ; 1 ps                                                              ; --            ; --                      ; eda_simulation                    ;
; HPS_ISW_FILE                          ; sys/synthesis/submodules/sequencer/alt_types.pre.h                ; --            ; sys_hps_0_hps_io_border ; --                                ;
; HPS_ISW_FILE                          ; sys/synthesis/submodules/sequencer/emif.pre.xml                   ; --            ; sys_hps_0_hps_io_border ; --                                ;
; HPS_ISW_FILE                          ; sys/synthesis/submodules/sequencer/sdram_io.pre.h                 ; --            ; sys_hps_0_hps_io_border ; --                                ;
; HPS_ISW_FILE                          ; sys/synthesis/submodules/sequencer/sequencer.pre.c                ; --            ; sys_hps_0_hps_io_border ; --                                ;
; HPS_ISW_FILE                          ; sys/synthesis/submodules/sequencer/sequencer.pre.h                ; --            ; sys_hps_0_hps_io_border ; --                                ;
; HPS_ISW_FILE                          ; sys/synthesis/submodules/sequencer/sequencer_auto.pre.h           ; --            ; sys_hps_0_hps_io_border ; --                                ;
; HPS_ISW_FILE                          ; sys/synthesis/submodules/sequencer/sequencer_auto_ac_init.pre.c   ; --            ; sys_hps_0_hps_io_border ; --                                ;
; HPS_ISW_FILE                          ; sys/synthesis/submodules/sequencer/sequencer_auto_inst_init.pre.c ; --            ; sys_hps_0_hps_io_border ; --                                ;
; HPS_ISW_FILE                          ; sys/synthesis/submodules/sequencer/sequencer_defines.pre.h        ; --            ; sys_hps_0_hps_io_border ; --                                ;
; HPS_ISW_FILE                          ; sys/synthesis/submodules/sequencer/system.pre.h                   ; --            ; sys_hps_0_hps_io_border ; --                                ;
; HPS_ISW_FILE                          ; sys/synthesis/submodules/sequencer/tclrpt.pre.c                   ; --            ; sys_hps_0_hps_io_border ; --                                ;
; HPS_ISW_FILE                          ; sys/synthesis/submodules/sequencer/tclrpt.pre.h                   ; --            ; sys_hps_0_hps_io_border ; --                                ;
; HPS_ISW_FILE                          ; sys/synthesis/submodules/hps.pre.xml                              ; --            ; sys_hps_0_hps_io_border ; --                                ;
; HPS_PARTITION                         ; On                                                                ; --            ; sys_hps_0_hps_io_border ; --                                ;
; MAX_CORE_JUNCTION_TEMP                ; 85                                                                ; --            ; --                      ; --                                ;
; MIN_CORE_JUNCTION_TEMP                ; 0                                                                 ; --            ; --                      ; --                                ;
; MISC_FILE                             ; sys/synthesis/../sys.cmp                                          ; --            ; --                      ; --                                ;
; MISC_FILE                             ; sys/synthesis/../../C                                             ; --            ; --                      ; --                                ;
; MISC_FILE                             ; sys/synthesis/sys_hps_0_hps.svd                                   ; --            ; --                      ; --                                ;
; MISC_FILE                             ; sys/synthesis/../../sys.qsys                                      ; --            ; --                      ; --                                ;
; MISC_FILE                             ; sys/synthesis/submodules/sequencer/alt_types.pre.h                ; --            ; --                      ; --                                ;
; MISC_FILE                             ; sys/synthesis/submodules/sequencer/emif.pre.xml                   ; --            ; --                      ; --                                ;
; MISC_FILE                             ; sys/synthesis/submodules/sequencer/sdram_io.pre.h                 ; --            ; --                      ; --                                ;
; MISC_FILE                             ; sys/synthesis/submodules/sequencer/sequencer.pre.c                ; --            ; --                      ; --                                ;
; MISC_FILE                             ; sys/synthesis/submodules/sequencer/sequencer.pre.h                ; --            ; --                      ; --                                ;
; MISC_FILE                             ; sys/synthesis/submodules/sequencer/sequencer_auto.pre.h           ; --            ; --                      ; --                                ;
; MISC_FILE                             ; sys/synthesis/submodules/sequencer/sequencer_auto_ac_init.pre.c   ; --            ; --                      ; --                                ;
; MISC_FILE                             ; sys/synthesis/submodules/sequencer/sequencer_auto_inst_init.pre.c ; --            ; --                      ; --                                ;
; MISC_FILE                             ; sys/synthesis/submodules/sequencer/sequencer_defines.pre.h        ; --            ; --                      ; --                                ;
; MISC_FILE                             ; sys/synthesis/submodules/sequencer/system.pre.h                   ; --            ; --                      ; --                                ;
; MISC_FILE                             ; sys/synthesis/submodules/sequencer/tclrpt.pre.c                   ; --            ; --                      ; --                                ;
; MISC_FILE                             ; sys/synthesis/submodules/sequencer/tclrpt.pre.h                   ; --            ; --                      ; --                                ;
; MISC_FILE                             ; sys/synthesis/submodules/hps.pre.xml                              ; --            ; --                      ; --                                ;
; PARTITION_COLOR                       ; -- (Not supported for targeted family)                            ; --            ; sys_top                 ; Top                               ;
; PARTITION_FITTER_PRESERVATION_LEVEL   ; -- (Not supported for targeted family)                            ; --            ; sys_top                 ; Top                               ;
; PARTITION_NETLIST_TYPE                ; -- (Not supported for targeted family)                            ; --            ; sys_top                 ; Top                               ;
; POWER_BOARD_THERMAL_MODEL             ; None (CONSERVATIVE)                                               ; --            ; --                      ; --                                ;
; POWER_PRESET_COOLING_SOLUTION         ; 23 MM HEAT SINK WITH 200 LFPM AIRFLOW                             ; --            ; --                      ; --                                ;
; PROJECT_OUTPUT_DIRECTORY              ; output_files                                                      ; --            ; --                      ; --                                ;
; SLD_FILE                              ; sys/synthesis/sys.regmap                                          ; --            ; --                      ; --                                ;
; SLD_FILE                              ; sys/synthesis/sys.debuginfo                                       ; --            ; --                      ; --                                ;
; SLD_INFO                              ; QSYS_NAME sys HAS_SOPCINFO 1 GENERATION_ID 1782360910             ; --            ; sys                     ; --                                ;
; SOPCINFO_FILE                         ; sys/synthesis/../../sys.sopcinfo                                  ; --            ; --                      ; --                                ;
; SYNTHESIS_ONLY_QIP                    ; On                                                                ; --            ; --                      ; --                                ;
; TOP_LEVEL_ENTITY                      ; sys_top                                                           ; CONVOL        ; --                      ; --                                ;
; USE_DLL_FREQUENCY_FOR_DQS_DELAY_CHAIN ; On                                                                ; Off           ; --                      ; --                                ;
+---------------------------------------+-------------------------------------------------------------------+---------------+-------------------------+-----------------------------------+


+--------------------------------------------------------------------------------------------------------------------------+
; Flow Elapsed Time                                                                                                        ;
+----------------------+--------------+-------------------------+---------------------+------------------------------------+
; Module Name          ; Elapsed Time ; Average Processors Used ; Peak Virtual Memory ; Total CPU Time (on all processors) ;
+----------------------+--------------+-------------------------+---------------------+------------------------------------+
; Analysis & Synthesis ; 00:00:18     ; 1.0                     ; 5121 MB             ; 00:00:25                           ;
; Fitter               ; 00:01:23     ; 1.2                     ; 7597 MB             ; 00:02:44                           ;
; Assembler            ; 00:00:08     ; 1.0                     ; 5316 MB             ; 00:00:08                           ;
; Timing Analyzer      ; 00:00:23     ; 1.6                     ; 5809 MB             ; 00:00:33                           ;
; EDA Netlist Writer   ; 00:00:04     ; 1.0                     ; 4867 MB             ; 00:00:04                           ;
; Total                ; 00:02:16     ; --                      ; --                  ; 00:03:54                           ;
+----------------------+--------------+-------------------------+---------------------+------------------------------------+


+------------------------------------------------------------------------------------+
; Flow OS Summary                                                                    ;
+----------------------+------------------+------------+------------+----------------+
; Module Name          ; Machine Hostname ; OS Name    ; OS Version ; Processor type ;
+----------------------+------------------+------------+------------+----------------+
; Analysis & Synthesis ; DESKTOP-L6O8HL7  ; Windows 10 ; 10.0       ; x86_64         ;
; Fitter               ; DESKTOP-L6O8HL7  ; Windows 10 ; 10.0       ; x86_64         ;
; Assembler            ; DESKTOP-L6O8HL7  ; Windows 10 ; 10.0       ; x86_64         ;
; Timing Analyzer      ; DESKTOP-L6O8HL7  ; Windows 10 ; 10.0       ; x86_64         ;
; EDA Netlist Writer   ; DESKTOP-L6O8HL7  ; Windows 10 ; 10.0       ; x86_64         ;
+----------------------+------------------+------------+------------+----------------+


------------
; Flow Log ;
------------
quartus_map --read_settings_files=on --write_settings_files=off CONVOL -c CONVOL
quartus_fit --read_settings_files=off --write_settings_files=off CONVOL -c CONVOL
quartus_asm --read_settings_files=off --write_settings_files=off CONVOL -c CONVOL
quartus_sta CONVOL -c CONVOL
quartus_eda --read_settings_files=off --write_settings_files=off CONVOL -c CONVOL



