Info: Starting: Create block symbol file (.bsf)
Info: qsys-generate C:\QUAN\PS_PL_communication\CONV\sys.qsys --block-symbol-file --output-directory=C:\QUAN\PS_PL_communication\CONV\sys --family="Cyclone V" --part=5CSEMA5F31C6
Progress: Loading CONV/sys.qsys
Progress: Reading input file
Progress: Adding clk_0 [clock_source 24.1]
Progress: Parameterizing module clk_0
Progress: Adding hps_0 [altera_hps 24.1]
Progress: Parameterizing module hps_0
Progress: Adding top_0 [top 1.0]
Progress: Parameterizing module top_0
Progress: Building connections
Progress: Parameterizing connections
Progress: Validating
Progress: Done reading input file
Info: sys.hps_0: HPS Main PLL counter settings: n = 0  m = 73
Info: sys.hps_0: HPS peripherial PLL counter settings: n = 0  m = 39
Warning: sys.hps_0: "Configuration/HPS-to-FPGA user 0 clock frequency" (desired_cfg_clk_mhz) requested 100.0 MHz, but only achieved 97.368421 MHz
Warning: sys.hps_0: 1 or more output clock frequencies cannot be achieved precisely, consider revising desired output clock frequencies.
Warning: sys.hps_0: HPS model no longer supports simulation for HPS FPGA Bridges.
Warning: sys.hps_0: ODT is disabled. Enabling ODT (Mode Register 1) may improve signal integrity
Info: qsys-generate succeeded.
Info: Finished: Create block symbol file (.bsf)
Info: 
Info: Starting: Create HDL design files for synthesis
Info: qsys-generate C:\QUAN\PS_PL_communication\CONV\sys.qsys --synthesis=VHDL --output-directory=C:\QUAN\PS_PL_communication\CONV\sys\synthesis --family="Cyclone V" --part=5CSEMA5F31C6
Progress: Loading CONV/sys.qsys
Progress: Reading input file
Progress: Adding clk_0 [clock_source 24.1]
Progress: Parameterizing module clk_0
Progress: Adding hps_0 [altera_hps 24.1]
Progress: Parameterizing module hps_0
Progress: Adding top_0 [top 1.0]
Progress: Parameterizing module top_0
Progress: Building connections
Progress: Parameterizing connections
Progress: Validating
Progress: Done reading input file
Info: sys.hps_0: HPS Main PLL counter settings: n = 0  m = 73
Info: sys.hps_0: HPS peripherial PLL counter settings: n = 0  m = 39
Warning: sys.hps_0: "Configuration/HPS-to-FPGA user 0 clock frequency" (desired_cfg_clk_mhz) requested 100.0 MHz, but only achieved 97.368421 MHz
Warning: sys.hps_0: 1 or more output clock frequencies cannot be achieved precisely, consider revising desired output clock frequencies.
Warning: sys.hps_0: HPS model no longer supports simulation for HPS FPGA Bridges.
Warning: sys.hps_0: ODT is disabled. Enabling ODT (Mode Register 1) may improve signal integrity
Info: sys: Generating "sys" for QUARTUS_SYNTH
Info: Interconnect is inserted between master hps_0.h2f_lw_axi_master and slave top_0.slave because the master is of type axi and the slave is of type avalon.
Info: hps_0: "Running  for module: hps_0"
Info: hps_0: HPS Main PLL counter settings: n = 0  m = 73
Info: hps_0: HPS peripherial PLL counter settings: n = 0  m = 39
Warning: hps_0: "Configuration/HPS-to-FPGA user 0 clock frequency" (desired_cfg_clk_mhz) requested 100.0 MHz, but only achieved 97.368421 MHz
Warning: hps_0: 1 or more output clock frequencies cannot be achieved precisely, consider revising desired output clock frequencies.
Warning: hps_0: HPS model no longer supports simulation for HPS FPGA Bridges.
Warning: hps_0: ODT is disabled. Enabling ODT (Mode Register 1) may improve signal integrity
Info: hps_0: "sys" instantiated altera_hps "hps_0"
Info: top_0: "sys" instantiated top "top_0"
Info: avalon_st_adapter: Inserting error_adapter: error_adapter_0
Info: mm_interconnect_0: "sys" instantiated altera_mm_interconnect "mm_interconnect_0"
Info: mm_interconnect_1: "sys" instantiated altera_mm_interconnect "mm_interconnect_1"
Info: rst_controller: "sys" instantiated altera_reset_controller "rst_controller"
Info: fpga_interfaces: "hps_0" instantiated altera_interface_generator "fpga_interfaces"
Info: hps_io: "hps_0" instantiated altera_hps_io "hps_io"
Info: top_0_slave_translator: "mm_interconnect_0" instantiated altera_merlin_slave_translator "top_0_slave_translator"
Info: hps_0_h2f_lw_axi_master_agent: "mm_interconnect_0" instantiated altera_merlin_axi_master_ni "hps_0_h2f_lw_axi_master_agent"
Info: top_0_slave_agent: "mm_interconnect_0" instantiated altera_merlin_slave_agent "top_0_slave_agent"
Info: top_0_slave_agent_rsp_fifo: "mm_interconnect_0" instantiated altera_avalon_sc_fifo "top_0_slave_agent_rsp_fifo"
Info: router: "mm_interconnect_0" instantiated altera_merlin_router "router"
Info: router_002: "mm_interconnect_0" instantiated altera_merlin_router "router_002"
Info: top_0_slave_burst_adapter: "mm_interconnect_0" instantiated altera_merlin_burst_adapter "top_0_slave_burst_adapter"
Info: Reusing file C:/QUAN/PS_PL_communication/CONV/sys/synthesis/submodules/altera_merlin_address_alignment.sv
Info: cmd_demux: "mm_interconnect_0" instantiated altera_merlin_demultiplexer "cmd_demux"
Info: cmd_mux: "mm_interconnect_0" instantiated altera_merlin_multiplexer "cmd_mux"
Info: rsp_demux: "mm_interconnect_0" instantiated altera_merlin_demultiplexer "rsp_demux"
Info: rsp_mux: "mm_interconnect_0" instantiated altera_merlin_multiplexer "rsp_mux"
Info: Reusing file C:/QUAN/PS_PL_communication/CONV/sys/synthesis/submodules/altera_merlin_arbitrator.sv
Info: avalon_st_adapter: "mm_interconnect_0" instantiated altera_avalon_st_adapter "avalon_st_adapter"
Info: top_0_ram_in_translator: "mm_interconnect_1" instantiated altera_merlin_master_translator "top_0_ram_in_translator"
Info: top_0_ram_in_agent: "mm_interconnect_1" instantiated altera_merlin_master_agent "top_0_ram_in_agent"
Info: hps_0_f2h_sdram0_data_agent: "mm_interconnect_1" instantiated altera_merlin_axi_slave_ni "hps_0_f2h_sdram0_data_agent"
Info: Reusing file C:/QUAN/PS_PL_communication/CONV/sys/synthesis/submodules/altera_merlin_burst_uncompressor.sv
Info: Reusing file C:/QUAN/PS_PL_communication/CONV/sys/synthesis/submodules/altera_avalon_sc_fifo.v
Info: Reusing file C:/QUAN/PS_PL_communication/CONV/sys/synthesis/submodules/altera_merlin_address_alignment.sv
Info: router: "mm_interconnect_1" instantiated altera_merlin_router "router"
Info: router_002: "mm_interconnect_1" instantiated altera_merlin_router "router_002"
Info: cmd_demux: "mm_interconnect_1" instantiated altera_merlin_demultiplexer "cmd_demux"
Info: cmd_mux: "mm_interconnect_1" instantiated altera_merlin_multiplexer "cmd_mux"
Info: Reusing file C:/QUAN/PS_PL_communication/CONV/sys/synthesis/submodules/altera_merlin_arbitrator.sv
Info: rsp_mux: "mm_interconnect_1" instantiated altera_merlin_multiplexer "rsp_mux"
Info: Reusing file C:/QUAN/PS_PL_communication/CONV/sys/synthesis/submodules/altera_merlin_arbitrator.sv
Info: hps_0_f2h_sdram0_data_wr_cmd_width_adapter: "mm_interconnect_1" instantiated altera_merlin_width_adapter "hps_0_f2h_sdram0_data_wr_cmd_width_adapter"
Info: Reusing file C:/QUAN/PS_PL_communication/CONV/sys/synthesis/submodules/altera_merlin_address_alignment.sv
Info: Reusing file C:/QUAN/PS_PL_communication/CONV/sys/synthesis/submodules/altera_merlin_burst_uncompressor.sv
Error: border: Error during execution of script generate_hps_sdram.tcl: seq: Error during execution of "{C:/quartus/quartus/../nios2eds/Nios II Command Shell.bat} make all 2>> stderr.txt": child process exited abnormally
Error: border: Error during execution of script generate_hps_sdram.tcl: seq: Execution of command "{C:/quartus/quartus/../nios2eds/Nios II Command Shell.bat} make all 2>> stderr.txt" failed
Error: border: Error during execution of script generate_hps_sdram.tcl: seq: /mnt/c/quartus/quartus/bin64/uniphy_mcc.exe -ac_code sequencer_mc/ac_rom.s -inst_code sequencer_mc/inst_rom.s -ac_rom ../hps_AC_ROM.hex -inst_rom ../hps_inst_ROM.hex -header sequencer/sequencer_auto.h -vheader ../sequencer_auto_h.sv -ac_rom_init sequencer/sequencer_auto_ac_init.c -inst_rom_init sequencer/sequencer_auto_inst_init.c -DAC_ROM_USER_ADD_0=0_0000_0000_0000 -DAC_ROM_USER_ADD_1=0_0000_0000_1000 -DAC_ROM_MR0=0001000110001 -DAC_ROM_MR0_CALIB= -DAC_ROM_MR0_DLL_RESET=0001100110000 -DAC_ROM_MR1=0000000000000 -DAC_ROM_MR1_OCD_ENABLE= -DAC_ROM_MR2=0000000001000 -DAC_ROM_MR3=0000000000000 -DAC_ROM_MR0_MIRR=0001001001001 -DAC_ROM_MR0_DLL_RESET_MIRR=0001011001000 -DAC_ROM_MR1_MIRR=0000000000000 -DAC_ROM_MR2_MIRR=0000000010000 -DAC_ROM_MR3_MIRR=0000000000000 -DQUARTER_RATE=0 -DHALF_RATE=0 -DFULL_RATE=1 -DNON_DES_CAL=0 -DAP_MODE=0 -DGUARANTEED_READ_BRINGUP_TEST=0 -DMEM_ADDR_WIDTH=13 -DHARD_PHY=1
Error: border: Error during execution of script generate_hps_sdram.tcl: seq: child process exited abnormally
Error: border: Error during execution of script generate_hps_sdram.tcl: seq: add_fileset_file: No such file C:/Users/MYPC~1/AppData/Local/Temp/alt0629_5433463674403852393.dir/0004_seq_gen/hps_AC_ROM.hex
Error: border: Error during execution of script generate_hps_sdram.tcl: Generation stopped, 3 or more modules remaining
Error: border: Execution of script generate_hps_sdram.tcl failed
Error: border: 2026.06.25.11:13:56 Info:
Error: border: ********************************************************************************************************************
Error: border: 
Error: border: Use qsys-generate for a simpler command-line interface for generating IP.
Error: border: 
Error: border: Run ip-generate with switch --remove-qsys-generate-warning to prevent this notice from appearing in subsequent runs.
Error: border: 
Error: border: ********************************************************************************************************************
Error: border: 2026.06.25.11:13:58 Warning: Ignored parameter assignment device=5CSEMA5F31C6
Error: border: 2026.06.25.11:13:58 Warning: Ignored parameter assignment extended_family_support=true
Error: border: 2026.06.25.11:14:00 Warning: hps_sdram: ODT is disabled. Enabling ODT (Mode Register 1) may improve signal integrity
Error: border: 2026.06.25.11:14:00 Warning: hps_sdram: 'Quick' simulation modes are NOT timing accurate. Some simulation memory models may issue warnings or errors
Error: border: 2026.06.25.11:14:00 Warning: hps_sdram.seq: This module has no ports or interfaces
Error: border: 2026.06.25.11:14:00 Warning: hps_sdram.c0: ODT is disabled. Enabling ODT (Mode Register 1) may improve signal integrity
Error: border: 2026.06.25.11:14:00 Warning: hps_sdram.p0: p0.scc must be exported, or connected to a matching conduit.
Error: border: 2026.06.25.11:14:00 Warning: hps_sdram.as: as.afi_init_cal_req must be exported, or connected to a matching conduit.
Error: border: 2026.06.25.11:14:00 Warning: hps_sdram.as: as.tracking must be exported, or connected to a matching conduit.
Error: border: 2026.06.25.11:14:00 Warning: hps_sdram.c0: c0.status must be exported, or connected to a matching conduit.
Error: border: 2026.06.25.11:14:00 Warning: hps_sdram.p0: p0.avl must be connected to an Avalon-MM master
Error: border: 2026.06.25.11:14:00 Info: hps_sdram: Generating "hps_sdram" for QUARTUS_SYNTH
Error: border: 2026.06.25.11:14:01 Info: pll: "hps_sdram" instantiated altera_mem_if_hps_pll "pll"
Error: border: 2026.06.25.11:14:01 Info: p0: Generating clock pair generator
Error: border: 2026.06.25.11:14:02 Info: p0: Generating hps_sdram_p0_altdqdqs
Error: border: 2026.06.25.11:14:05 Info: p0:
Error: border: 2026.06.25.11:14:05 Info: p0: *****************************
Error: border: 2026.06.25.11:14:05 Info: p0:
Error: border: 2026.06.25.11:14:05 Info: p0: Remember to run the hps_sdram_p0_pin_assignments.tcl
Error: border: 2026.06.25.11:14:05 Info: p0: script after running Synthesis and before Fitting.
Error: border: 2026.06.25.11:14:05 Info: p0:
Error: border: 2026.06.25.11:14:05 Info: p0: *****************************
Error: border: 2026.06.25.11:14:05 Info: p0:
Error: border: 2026.06.25.11:14:05 Info: p0: "hps_sdram" instantiated altera_mem_if_ddr3_hard_phy_core "p0"
Error: border: 2026.06.25.11:14:07 Error: seq: Error during execution of "{C:/quartus/quartus/../nios2eds/Nios II Command Shell.bat} make all 2>> stderr.txt": child process exited abnormally
Error: border: 2026.06.25.11:14:07 Error: seq: Execution of command "{C:/quartus/quartus/../nios2eds/Nios II Command Shell.bat} make all 2>> stderr.txt" failed
Error: border: 2026.06.25.11:14:07 Error: seq: /mnt/c/quartus/quartus/bin64/uniphy_mcc.exe -ac_code sequencer_mc/ac_rom.s -inst_code sequencer_mc/inst_rom.s -ac_rom ../hps_AC_ROM.hex -inst_rom ../hps_inst_ROM.hex -header sequencer/sequencer_auto.h -vheader ../sequencer_auto_h.sv -ac_rom_init sequencer/sequencer_auto_ac_init.c -inst_rom_init sequencer/sequencer_auto_inst_init.c -DAC_ROM_USER_ADD_0=0_0000_0000_0000 -DAC_ROM_USER_ADD_1=0_0000_0000_1000 -DAC_ROM_MR0=0001000110001 -DAC_ROM_MR0_CALIB= -DAC_ROM_MR0_DLL_RESET=0001100110000 -DAC_ROM_MR1=0000000000000 -DAC_ROM_MR1_OCD_ENABLE= -DAC_ROM_MR2=0000000001000 -DAC_ROM_MR3=0000000000000 -DAC_ROM_MR0_MIRR=0001001001001 -DAC_ROM_MR0_DLL_RESET_MIRR=0001011001000 -DAC_ROM_MR1_MIRR=0000000000000 -DAC_ROM_MR2_MIRR=0000000010000 -DAC_ROM_MR3_MIRR=0000000000000 -DQUARTER_RATE=0 -DHALF_RATE=0 -DFULL_RATE=1 -DNON_DES_CAL=0 -DAP_MODE=0 -DGUARANTEED_READ_BRINGUP_TEST=0 -DMEM_ADDR_WIDTH=13 -DHARD_PHY=1
Error: border: 2026.06.25.11:14:07 Error: seq: child process exited abnormally
Error: border: 2026.06.25.11:14:07 Error: seq: add_fileset_file: No such file C:/Users/MYPC~1/AppData/Local/Temp/alt0629_5433463674403852393.dir/0004_seq_gen/hps_AC_ROM.hex
Error: border: while executing
Error: border: "add_fileset_file $file_name [::alt_mem_if::util::hwtcl_utils::get_file_type $file_name 0] PATH $file_pathname"
Error: border: ("foreach" body line 4)
Error: border: invoked from within
Error: border: "foreach file_pathname $return_files_sw {
Error: border: 		_dprint 1 "Preparing to add $file_pathname"
Error: border: 		set file_name [file tail $file_pathname]
Error: border: 		add_fileset_file $..."
Error: border: (procedure "generate_sw" line 18)
Error: border: invoked from within
Error: border: "generate_sw $name $fileset"
Error: border: ("if" then script line 4)
Error: border: invoked from within
Error: border: "if {[string compare -nocase $fileset QUARTUS_SYNTH] == 0} {
Error: border: 		set top_level_file "altera_mem_if_hhp_qseq_synth_top.v"
Error: border: 		add_fileset_file $top_level_fi..."
Error: border: (procedure "generate_files" line 4)
Error: border: invoked from within
Error: border: "generate_files $name QUARTUS_SYNTH"
Error: border: (procedure "generate_synth" line 3)
Error: border: invoked from within
Error: border: "generate_synth altera_mem_if_hhp_qseq_synth_top"
Error: border: 2026.06.25.11:14:07 Info: seq: "hps_sdram" instantiated altera_mem_if_hhp_ddr3_qseq "seq"
Error: border: 2026.06.25.11:14:07 Error: Generation stopped, 3 or more modules remaining
Error: border: 2026.06.25.11:14:07 Info: hps_sdram: Done "hps_sdram" with 7 modules, 33 files
Info: border: "hps_io" instantiated altera_interface_generator "border"
Error: Generation stopped, 1 or more modules remaining
Info: sys: Done "sys" with 31 modules, 81 files
Error: qsys-generate failed with exit code 1: 70 Errors, 8 Warnings
Info: Finished: Create HDL design files for synthesis
